{"level":"\u001b[32minfo\u001b[39m","message":"{\"method\":\"GET\",\"url\":\"/\",\"status\":\"304\",\"responseTime\":\"21.509\"}","timestamp":"2024-06-14T15:41:36.721Z"}
{"level":"\u001b[32minfo\u001b[39m","message":"{\"method\":\"GET\",\"url\":\"/public/style/login_style.css\",\"status\":\"404\",\"responseTime\":\"2.735\"}","timestamp":"2024-06-14T15:41:36.749Z"}
{"level":"\u001b[32minfo\u001b[39m","message":"{\"method\":\"GET\",\"url\":\"/sign_up\",\"status\":\"304\",\"responseTime\":\"3.636\"}","timestamp":"2024-06-14T15:41:39.214Z"}
{"level":"\u001b[32minfo\u001b[39m","message":"{\"method\":\"GET\",\"url\":\"/userProfile?Username=deepak+kumar&email=deepak%40gmail.com&password=aaa&password=aaa\",\"status\":\"304\",\"responseTime\":\"7.047\"}","timestamp":"2024-06-14T15:42:21.721Z"}
{"level":"\u001b[32minfo\u001b[39m","message":"{\"method\":\"GET\",\"url\":\"/userProfile?\",\"status\":\"304\",\"responseTime\":\"15.254\"}","timestamp":"2024-06-14T15:46:57.477Z"}
{"level":"\u001b[32minfo\u001b[39m","message":"{\"method\":\"GET\",\"url\":\"/userProfile?\",\"status\":\"304\",\"responseTime\":\"5.197\"}","timestamp":"2024-06-14T15:47:59.709Z"}
{"level":"\u001b[32minfo\u001b[39m","message":"{\"method\":\"GET\",\"url\":\"/\",\"status\":\"200\",\"responseTime\":\"4.431\"}","timestamp":"2024-06-14T15:48:49.624Z"}
{"level":"\u001b[32minfo\u001b[39m","message":"{\"method\":\"GET\",\"url\":\"/public/style/login_style.css\",\"status\":\"404\",\"responseTime\":\"6.330\"}","timestamp":"2024-06-14T15:48:49.651Z"}
{"level":"\u001b[32minfo\u001b[39m","message":"{\"method\":\"GET\",\"url\":\"/\",\"status\":\"200\",\"responseTime\":\"2.840\"}","timestamp":"2024-06-14T15:49:24.574Z"}
{"level":"\u001b[32minfo\u001b[39m","message":"{\"method\":\"GET\",\"url\":\"/public/style/login_style.css\",\"status\":\"404\",\"responseTime\":\"1.420\"}","timestamp":"2024-06-14T15:49:24.594Z"}
{"level":"\u001b[32minfo\u001b[39m","message":"{\"method\":\"GET\",\"url\":\"/\",\"status\":\"200\",\"responseTime\":\"2.140\"}","timestamp":"2024-06-14T15:50:05.066Z"}
{"level":"\u001b[32minfo\u001b[39m","message":"{\"method\":\"GET\",\"url\":\"/public/style/login_style.css\",\"status\":\"404\",\"responseTime\":\"0.793\"}","timestamp":"2024-06-14T15:50:05.092Z"}
{"level":"\u001b[32minfo\u001b[39m","message":"{\"method\":\"GET\",\"url\":\"/\",\"status\":\"200\",\"responseTime\":\"2.285\"}","timestamp":"2024-06-14T15:50:30.163Z"}
{"level":"\u001b[32minfo\u001b[39m","message":"{\"method\":\"GET\",\"url\":\"/public/style/login_style.css\",\"status\":\"404\",\"responseTime\":\"1.276\"}","timestamp":"2024-06-14T15:50:30.183Z"}
{"level":"\u001b[32minfo\u001b[39m","message":"{\"method\":\"GET\",\"url\":\"/\",\"status\":\"200\",\"responseTime\":\"3.338\"}","timestamp":"2024-06-14T15:55:41.087Z"}
{"level":"\u001b[32minfo\u001b[39m","message":"{\"method\":\"GET\",\"url\":\"/public/style/login_style.css\",\"status\":\"404\",\"responseTime\":\"0.436\"}","timestamp":"2024-06-14T15:55:41.108Z"}
{"level":"\u001b[32minfo\u001b[39m","message":"{\"method\":\"GET\",\"url\":\"/\",\"status\":\"200\",\"responseTime\":\"4.193\"}","timestamp":"2024-06-14T15:57:12.675Z"}
{"level":"\u001b[32minfo\u001b[39m","message":"{\"method\":\"GET\",\"url\":\"/public/style/login_style.css\",\"status\":\"404\",\"responseTime\":\"0.718\"}","timestamp":"2024-06-14T15:57:12.695Z"}
{"level":"\u001b[32minfo\u001b[39m","message":"{\"method\":\"GET\",\"url\":\"/sign_up\",\"status\":\"304\",\"responseTime\":\"3.876\"}","timestamp":"2024-06-14T15:57:30.709Z"}
{"level":"\u001b[32minfo\u001b[39m","message":"{\"method\":\"GET\",\"url\":\"/\",\"status\":\"200\",\"responseTime\":\"2.021\"}","timestamp":"2024-06-14T15:58:07.157Z"}
{"level":"\u001b[32minfo\u001b[39m","message":"{\"method\":\"GET\",\"url\":\"/public/style/login_style.css\",\"status\":\"404\",\"responseTime\":\"1.600\"}","timestamp":"2024-06-14T15:58:07.188Z"}
{"level":"\u001b[32minfo\u001b[39m","message":"{\"method\":\"GET\",\"url\":\"/\",\"status\":\"200\",\"responseTime\":\"2.810\"}","timestamp":"2024-06-14T15:59:11.544Z"}
{"level":"\u001b[32minfo\u001b[39m","message":"{\"method\":\"GET\",\"url\":\"/public/style/login_style.css\",\"status\":\"404\",\"responseTime\":\"0.668\"}","timestamp":"2024-06-14T15:59:11.562Z"}
{"level":"\u001b[32minfo\u001b[39m","message":"{\"method\":\"GET\",\"url\":\"/\",\"status\":\"200\",\"responseTime\":\"3.557\"}","timestamp":"2024-06-14T16:01:11.577Z"}
{"level":"\u001b[32minfo\u001b[39m","message":"{\"method\":\"GET\",\"url\":\"/public/style/login_style.css\",\"status\":\"404\",\"responseTime\":\"0.480\"}","timestamp":"2024-06-14T16:01:11.597Z"}
{"level":"\u001b[32minfo\u001b[39m","message":"{\"method\":\"GET\",\"url\":\"/\",\"status\":\"200\",\"responseTime\":\"3.150\"}","timestamp":"2024-06-14T16:01:26.920Z"}
{"level":"\u001b[32minfo\u001b[39m","message":"{\"method\":\"GET\",\"url\":\"/public/style/login_style.css\",\"status\":\"404\",\"responseTime\":\"0.518\"}","timestamp":"2024-06-14T16:01:26.943Z"}
{"level":"\u001b[32minfo\u001b[39m","message":"{\"method\":\"GET\",\"url\":\"/userProfile?\",\"status\":\"304\",\"responseTime\":\"2.902\"}","timestamp":"2024-06-14T16:01:42.459Z"}
{"level":"\u001b[32minfo\u001b[39m","message":"{\"method\":\"GET\",\"url\":\"/\",\"status\":\"200\",\"responseTime\":\"16.592\"}","timestamp":"2024-06-14T16:07:04.141Z"}
{"level":"\u001b[32minfo\u001b[39m","message":"{\"method\":\"GET\",\"url\":\"/public/style/login_style.css\",\"status\":\"404\",\"responseTime\":\"5.417\"}","timestamp":"2024-06-14T16:07:04.163Z"}
{"level":"\u001b[32minfo\u001b[39m","message":"{\"method\":\"GET\",\"url\":\"/\",\"status\":\"200\",\"responseTime\":\"4.025\"}","timestamp":"2024-06-14T16:07:53.030Z"}
{"level":"\u001b[32minfo\u001b[39m","message":"{\"method\":\"GET\",\"url\":\"/\",\"status\":\"200\",\"responseTime\":\"1.810\"}","timestamp":"2024-06-14T16:08:07.365Z"}
{"level":"\u001b[32minfo\u001b[39m","message":"{\"method\":\"GET\",\"url\":\"/\",\"status\":\"200\",\"responseTime\":\"2.000\"}","timestamp":"2024-06-14T16:08:48.545Z"}
{"level":"\u001b[32minfo\u001b[39m","message":"{\"method\":\"GET\",\"url\":\"/\",\"status\":\"200\",\"responseTime\":\"1.551\"}","timestamp":"2024-06-14T16:09:05.274Z"}
{"level":"\u001b[32minfo\u001b[39m","message":"{\"method\":\"GET\",\"url\":\"/\",\"status\":\"200\",\"responseTime\":\"1.371\"}","timestamp":"2024-06-14T16:09:35.999Z"}
{"level":"\u001b[32minfo\u001b[39m","message":"{\"method\":\"GET\",\"url\":\"/\",\"status\":\"200\",\"responseTime\":\"1.531\"}","timestamp":"2024-06-14T16:10:01.170Z"}
{"level":"\u001b[32minfo\u001b[39m","message":"{\"method\":\"GET\",\"url\":\"/\",\"status\":\"200\",\"responseTime\":\"1.834\"}","timestamp":"2024-06-14T16:11:03.423Z"}
{"level":"\u001b[32minfo\u001b[39m","message":"{\"method\":\"GET\",\"url\":\"/\",\"status\":\"200\",\"responseTime\":\"2.533\"}","timestamp":"2024-06-14T16:11:15.767Z"}
{"level":"\u001b[32minfo\u001b[39m","message":"{\"method\":\"GET\",\"url\":\"/\",\"status\":\"200\",\"responseTime\":\"2.460\"}","timestamp":"2024-06-14T16:11:33.250Z"}
{"level":"\u001b[32minfo\u001b[39m","message":"{\"method\":\"GET\",\"url\":\"/\",\"status\":\"200\",\"responseTime\":\"1.546\"}","timestamp":"2024-06-14T16:11:59.537Z"}
{"level":"\u001b[32minfo\u001b[39m","message":"{\"method\":\"POST\",\"url\":\"/login\",\"status\":\"404\",\"responseTime\":\"4.164\"}","timestamp":"2024-06-14T16:12:46.826Z"}
{"level":"\u001b[32minfo\u001b[39m","message":"{\"method\":\"GET\",\"url\":\"/signup\",\"status\":\"404\",\"responseTime\":\"0.480\"}","timestamp":"2024-06-14T16:13:35.735Z"}
{"level":"\u001b[32minfo\u001b[39m","message":"{\"method\":\"GET\",\"url\":\"/signup\",\"status\":\"200\",\"responseTime\":\"15.015\"}","timestamp":"2024-06-14T16:14:33.638Z"}
{"level":"\u001b[32minfo\u001b[39m","message":"{\"method\":\"POST\",\"url\":\"/login\",\"status\":\"404\",\"responseTime\":\"5.640\"}","timestamp":"2024-06-14T16:14:38.842Z"}
{"level":"\u001b[32minfo\u001b[39m","message":"{\"method\":\"POST\",\"url\":\"/login\",\"status\":\"404\",\"responseTime\":\"1.272\"}","timestamp":"2024-06-14T16:14:45.271Z"}
{"level":"\u001b[32minfo\u001b[39m","message":"{\"method\":\"GET\",\"url\":\"/signup\",\"status\":\"304\",\"responseTime\":\"15.483\"}","timestamp":"2024-06-14T16:15:37.576Z"}
{"level":"\u001b[32minfo\u001b[39m","message":"{\"method\":\"GET\",\"url\":\"/userProfile?Username=deepak+kumar&email=deepak%40gmail.com&password=aaa&password=aaa\",\"status\":\"304\",\"responseTime\":\"4.891\"}","timestamp":"2024-06-14T16:15:49.220Z"}
{"level":"\u001b[32minfo\u001b[39m","message":"{\"method\":\"POST\",\"url\":\"/login\",\"status\":\"404\",\"responseTime\":\"7.120\"}","timestamp":"2024-06-14T16:15:57.598Z"}
{"level":"\u001b[32minfo\u001b[39m","message":"{\"method\":\"GET\",\"url\":\"/\",\"status\":\"200\",\"responseTime\":\"24.597\"}","timestamp":"2024-06-14T16:17:06.857Z"}
{"level":"\u001b[32minfo\u001b[39m","message":"{\"method\":\"GET\",\"url\":\"/favicon.ico\",\"status\":\"404\",\"responseTime\":\"5.575\"}","timestamp":"2024-06-14T16:17:08.026Z"}
{"level":"\u001b[32minfo\u001b[39m","message":"{\"method\":\"GET\",\"url\":\"/login?username=aa&password=ss\",\"status\":\"200\",\"responseTime\":\"3.138\"}","timestamp":"2024-06-14T16:17:16.092Z"}
{"level":"\u001b[32minfo\u001b[39m","message":"{\"method\":\"GET\",\"url\":\"/login?username=ss&password=ss\",\"status\":\"200\",\"responseTime\":\"1.465\"}","timestamp":"2024-06-14T16:17:36.038Z"}
{"level":"\u001b[32minfo\u001b[39m","message":"{\"method\":\"GET\",\"url\":\"/login?username=aa&password=ss\",\"status\":\"200\",\"responseTime\":\"1.746\"}","timestamp":"2024-06-14T16:19:28.159Z"}
{"level":"\u001b[32minfo\u001b[39m","message":"{\"method\":\"GET\",\"url\":\"/userProfile?username=aa&password=aa\",\"status\":\"200\",\"responseTime\":\"6.628\"}","timestamp":"2024-06-14T16:20:28.721Z"}
{"level":"\u001b[32minfo\u001b[39m","message":"{\"method\":\"GET\",\"url\":\"/login?username=aa&password=ss\",\"status\":\"200\",\"responseTime\":\"2.293\"}","timestamp":"2024-06-14T16:22:33.512Z"}
{"level":"\u001b[32minfo\u001b[39m","message":"{\"method\":\"GET\",\"url\":\"/userProfile?Username=deepak+kumar&password=asdawd\",\"status\":\"200\",\"responseTime\":\"3.846\"}","timestamp":"2024-06-14T16:22:42.988Z"}
{"level":"\u001b[32minfo\u001b[39m","message":"{\"method\":\"GET\",\"url\":\"/userProfile?Username=deepak+kumar&password=asdawd\",\"status\":\"304\",\"responseTime\":\"2.402\"}","timestamp":"2024-06-14T16:23:22.292Z"}
{"level":"\u001b[32minfo\u001b[39m","message":"{\"method\":\"GET\",\"url\":\"/userProfile?Username=deepak+kumar&password=asdawd\",\"status\":\"304\",\"responseTime\":\"3.726\"}","timestamp":"2024-06-14T16:23:26.603Z"}
{"level":"\u001b[32minfo\u001b[39m","message":"{\"method\":\"GET\",\"url\":\"/signup\",\"status\":\"304\",\"responseTime\":\"3.640\"}","timestamp":"2024-06-14T16:23:30.034Z"}
{"level":"\u001b[32minfo\u001b[39m","message":"{\"method\":\"GET\",\"url\":\"/userProfile?Username=deepak+kumar&email=deepak%40gmail.com&password=ww&password=ww\",\"status\":\"200\",\"responseTime\":\"3.019\"}","timestamp":"2024-06-14T16:23:41.924Z"}
{"level":"\u001b[32minfo\u001b[39m","message":"{\"method\":\"GET\",\"url\":\"/\",\"status\":\"200\",\"responseTime\":\"28.672\"}","timestamp":"2024-06-19T16:03:17.021Z"}
{"level":"\u001b[32minfo\u001b[39m","message":"{\"method\":\"GET\",\"url\":\"/favicon.ico\",\"status\":\"404\",\"responseTime\":\"7.039\"}","timestamp":"2024-06-19T16:03:18.218Z"}
{"level":"\u001b[32minfo\u001b[39m","message":"{\"method\":\"GET\",\"url\":\"/userProfile?Username=deepak%40gmail.com&password=111\",\"status\":\"200\",\"responseTime\":\"6.783\"}","timestamp":"2024-06-19T16:03:36.205Z"}
{"level":"\u001b[32minfo\u001b[39m","message":"{\"method\":\"GET\",\"url\":\"/signup\",\"status\":\"200\",\"responseTime\":\"4.726\"}","timestamp":"2024-06-19T16:03:51.355Z"}
{"level":"\u001b[32minfo\u001b[39m","message":"{\"method\":\"GET\",\"url\":\"/userProfile?Username=deepak+kumaar&email=kumardeeepak392%40gmail.com&password=111&password=111\",\"status\":\"200\",\"responseTime\":\"8.041\"}","timestamp":"2024-06-19T16:04:16.984Z"}
